[0.009s] Invoking command in '/home/rod/ros2_ws/ikerlan/build/bt_bumpgo': CMAKE_PREFIX_PATH=/opt/ros/humble /usr/bin/cmake /home/rod/ros2_ws/ikerlan/src/bt_bumpgo -DAMENT_CMAKE_SYMLINK_INSTALL=1 -DCMAKE_INSTALL_PREFIX=/home/rod/ros2_ws/ikerlan/install/bt_bumpgo
[0.042s] -- The C compiler identification is GNU 11.3.0
[0.077s] -- The CXX compiler identification is GNU 11.3.0
[0.081s] -- Detecting C compiler ABI info
[0.124s] -- Detecting C compiler ABI info - done
[0.129s] -- Check for working C compiler: /usr/bin/cc - skipped
[0.129s] -- Detecting C compile features
[0.129s] -- Detecting C compile features - done
[0.132s] -- Detecting CXX compiler ABI info
[0.180s] -- Detecting CXX compiler ABI info - done
[0.186s] -- Check for working CXX compiler: /usr/bin/c++ - skipped
[0.186s] -- Detecting CXX compile features
[0.186s] -- Detecting CXX compile features - done
[0.188s] -- Found ament_cmake: 1.3.4 (/opt/ros/humble/share/ament_cmake/cmake)
[0.641s] -- Found Python3: /usr/bin/python3.10 (found version "3.10.6") found components: Interpreter 
[0.685s] -- Override CMake install command with custom implementation using symlinks instead of copying resources
[0.722s] -- Found rclcpp: 16.0.4 (/opt/ros/humble/share/rclcpp/cmake)
[0.753s] -- Found rosidl_generator_c: 3.1.4 (/opt/ros/humble/share/rosidl_generator_c/cmake)
[0.757s] -- Found rosidl_adapter: 3.1.4 (/opt/ros/humble/share/rosidl_adapter/cmake)
[0.763s] -- Found rosidl_generator_cpp: 3.1.4 (/opt/ros/humble/share/rosidl_generator_cpp/cmake)
[0.773s] -- Using all available rosidl_typesupport_c: rosidl_typesupport_fastrtps_c;rosidl_typesupport_introspection_c
[0.787s] -- Using all available rosidl_typesupport_cpp: rosidl_typesupport_fastrtps_cpp;rosidl_typesupport_introspection_cpp
[0.836s] -- Found rmw_implementation_cmake: 6.1.1 (/opt/ros/humble/share/rmw_implementation_cmake/cmake)
[0.838s] -- Found rmw_cyclonedds_cpp: 1.3.4 (/opt/ros/humble/share/rmw_cyclonedds_cpp/cmake)
[0.861s] -- Using RMW implementation 'rmw_cyclonedds_cpp' as default
[0.868s] -- Looking for pthread.h
[0.913s] -- Looking for pthread.h - found
[0.913s] -- Performing Test CMAKE_HAVE_LIBC_PTHREAD
[0.959s] -- Performing Test CMAKE_HAVE_LIBC_PTHREAD - Success
[0.959s] -- Found Threads: TRUE  
[1.072s] -- Found sensor_msgs: 4.2.3 (/opt/ros/humble/share/sensor_msgs/cmake)
[1.169s] -- Found ament_lint_auto: 0.12.6 (/opt/ros/humble/share/ament_lint_auto/cmake)
[1.224s] [31mCMake Error at CMakeLists.txt:80 (add_subdirectory):
[1.224s]   add_subdirectory given source "tests" which is not an existing directory.
[1.224s] 
[1.224s] [0m
[1.227s] -- Added test 'copyright' to check source files copyright and LICENSE
[1.228s] -- Added test 'cppcheck' to perform static code analysis on C / C++ code
[1.228s] -- Configured cppcheck include dirs: /home/rod/ros2_ws/ikerlan/src/bt_bumpgo/include
[1.228s] -- Configured cppcheck exclude dirs and/or files: 
[1.229s] -- Added test 'cpplint' to check C / C++ code against the Google style
[1.229s] -- Configured cpplint exclude dirs and/or files: 
[1.229s] -- Added test 'flake8' to check Python code syntax and style conventions
[1.229s] -- Added test 'lint_cmake' to check CMake code style
[1.230s] -- Added test 'pep257' to check Python code against some of the docstring style conventions in PEP 257
[1.230s] -- Added test 'uncrustify' to check C / C++ code style
[1.230s] -- Configured uncrustify additional arguments: 
[1.231s] -- Added test 'xmllint' to check XML markup files
[1.232s] -- Configuring incomplete, errors occurred!
[1.232s] See also "/home/rod/ros2_ws/ikerlan/build/bt_bumpgo/CMakeFiles/CMakeOutput.log".
[1.239s] Invoked command in '/home/rod/ros2_ws/ikerlan/build/bt_bumpgo' returned '1': CMAKE_PREFIX_PATH=/opt/ros/humble /usr/bin/cmake /home/rod/ros2_ws/ikerlan/src/bt_bumpgo -DAMENT_CMAKE_SYMLINK_INSTALL=1 -DCMAKE_INSTALL_PREFIX=/home/rod/ros2_ws/ikerlan/install/bt_bumpgo
