[0.008s] Invoking command in '/home/rod/ros2_ws/ikerlan/build/bt_bumpgo': CMAKE_PREFIX_PATH=/opt/ros/humble /usr/bin/cmake /home/rod/ros2_ws/ikerlan/src/bt_bumpgo -DAMENT_CMAKE_SYMLINK_INSTALL=1 -DCMAKE_INSTALL_PREFIX=/home/rod/ros2_ws/ikerlan/install/bt_bumpgo
[0.016s] -- Found ament_cmake: 1.3.4 (/opt/ros/humble/share/ament_cmake/cmake)
[0.112s] -- Override CMake install command with custom implementation using symlinks instead of copying resources
[0.117s] -- Found rclcpp: 16.0.4 (/opt/ros/humble/share/rclcpp/cmake)
[0.137s] -- Found rosidl_generator_c: 3.1.4 (/opt/ros/humble/share/rosidl_generator_c/cmake)
[0.139s] -- Found rosidl_adapter: 3.1.4 (/opt/ros/humble/share/rosidl_adapter/cmake)
[0.143s] -- Found rosidl_generator_cpp: 3.1.4 (/opt/ros/humble/share/rosidl_generator_cpp/cmake)
[0.151s] -- Using all available rosidl_typesupport_c: rosidl_typesupport_fastrtps_c;rosidl_typesupport_introspection_c
[0.161s] -- Using all available rosidl_typesupport_cpp: rosidl_typesupport_fastrtps_cpp;rosidl_typesupport_introspection_cpp
[0.200s] -- Found rmw_implementation_cmake: 6.1.1 (/opt/ros/humble/share/rmw_implementation_cmake/cmake)
[0.201s] -- Found rmw_cyclonedds_cpp: 1.3.4 (/opt/ros/humble/share/rmw_cyclonedds_cpp/cmake)
[0.220s] -- Using RMW implementation 'rmw_cyclonedds_cpp' as default
[0.329s] -- Found sensor_msgs: 4.2.3 (/opt/ros/humble/share/sensor_msgs/cmake)
[0.420s] -- Found ament_lint_auto: 0.12.6 (/opt/ros/humble/share/ament_lint_auto/cmake)
[0.467s] [31mCMake Error at CMakeLists.txt:80 (add_subdirectory):
[0.467s]   add_subdirectory given source "tests" which is not an existing directory.
[0.467s] 
[0.467s] [0m
[0.469s] -- Added test 'copyright' to check source files copyright and LICENSE
[0.470s] -- Added test 'cppcheck' to perform static code analysis on C / C++ code
[0.470s] -- Configured cppcheck include dirs: /home/rod/ros2_ws/ikerlan/src/bt_bumpgo/include
[0.470s] -- Configured cppcheck exclude dirs and/or files: 
[0.471s] -- Added test 'cpplint' to check C / C++ code against the Google style
[0.471s] -- Configured cpplint exclude dirs and/or files: 
[0.471s] -- Added test 'flake8' to check Python code syntax and style conventions
[0.471s] -- Added test 'lint_cmake' to check CMake code style
[0.472s] -- Added test 'pep257' to check Python code against some of the docstring style conventions in PEP 257
[0.472s] -- Added test 'uncrustify' to check C / C++ code style
[0.472s] -- Configured uncrustify additional arguments: 
[0.472s] -- Added test 'xmllint' to check XML markup files
[0.474s] -- Configuring incomplete, errors occurred!
[0.474s] See also "/home/rod/ros2_ws/ikerlan/build/bt_bumpgo/CMakeFiles/CMakeOutput.log".
[0.479s] Invoked command in '/home/rod/ros2_ws/ikerlan/build/bt_bumpgo' returned '1': CMAKE_PREFIX_PATH=/opt/ros/humble /usr/bin/cmake /home/rod/ros2_ws/ikerlan/src/bt_bumpgo -DAMENT_CMAKE_SYMLINK_INSTALL=1 -DCMAKE_INSTALL_PREFIX=/home/rod/ros2_ws/ikerlan/install/bt_bumpgo
